0 verbose cli /usr/local/bin/node /usr/local/bin/npm
1 info using npm@11.6.2
2 info using node@v24.12.0
3 silly config load:file:/usr/local/lib/node_modules/npm/npmrc
4 silly config load:file:/Users/jinyoungchoi/Desktop/vibe/stream-downloader/.npmrc
5 silly config load:file:/Users/jinyoungchoi/.npmrc
6 silly config load:file:/usr/local/etc/npmrc
7 verbose title npm install lucide-react clsx tailwind-merge framer-motion axios
8 verbose argv "install" "lucide-react" "clsx" "tailwind-merge" "framer-motion" "axios" "--cache" ".npm-cache"
9 verbose logfile logs-max:10 dir:/Users/jinyoungchoi/Desktop/vibe/stream-downloader/.npm-cache/_logs/2026-04-08T22_58_00_164Z-
10 verbose logfile /Users/jinyoungchoi/Desktop/vibe/stream-downloader/.npm-cache/_logs/2026-04-08T22_58_00_164Z-debug-0.log
11 silly logfile done cleaning log files
12 silly packumentCache heap:4496293888 maxSize:1124073472 maxEntrySize:562036736
13 verbose shrinkwrap failed to load node_modules/.package-lock.json out of date, updated: node_modules
14 silly idealTree buildDeps
15 silly fetch manifest lucide-react@*
16 silly packumentCache full:https://registry.npmjs.org/lucide-react cache-miss
17 http fetch GET 200 https://registry.npmjs.org/npm 142ms
18 http fetch GET 200 https://registry.npmjs.org/lucide-react 96ms (cache miss)
19 silly packumentCache full:https://registry.npmjs.org/lucide-react set size:undefined disposed:false
20 silly fetch manifest react@19.2.4
21 silly packumentCache full:https://registry.npmjs.org/react cache-miss
22 http fetch GET 200 https://registry.npmjs.org/react 86ms (cache miss)
23 silly packumentCache full:https://registry.npmjs.org/react set size:undefined disposed:false
24 silly fetch manifest clsx@*
25 silly packumentCache full:https://registry.npmjs.org/clsx cache-miss
26 http fetch GET 200 https://registry.npmjs.org/clsx 25ms (cache miss)
27 silly packumentCache full:https://registry.npmjs.org/clsx set size:undefined disposed:false
28 silly fetch manifest tailwind-merge@*
29 silly packumentCache full:https://registry.npmjs.org/tailwind-merge cache-miss
30 http fetch GET 200 https://registry.npmjs.org/tailwind-merge 33ms (cache miss)
31 silly packumentCache full:https://registry.npmjs.org/tailwind-merge set size:undefined disposed:false
32 silly fetch manifest framer-motion@*
33 silly packumentCache full:https://registry.npmjs.org/framer-motion cache-miss
34 http fetch GET 200 https://registry.npmjs.org/framer-motion 70ms (cache miss)
35 silly packumentCache full:https://registry.npmjs.org/framer-motion set size:undefined disposed:false
36 silly fetch manifest @emotion/is-prop-valid@*
37 silly packumentCache full:https://registry.npmjs.org/@emotion%2fis-prop-valid cache-miss
38 http fetch GET 200 https://registry.npmjs.org/@emotion%2fis-prop-valid 39ms (cache miss)
39 silly packumentCache full:https://registry.npmjs.org/@emotion%2fis-prop-valid set size:undefined disposed:false
40 silly fetch manifest react-dom@19.2.4
41 silly packumentCache full:https://registry.npmjs.org/react-dom cache-miss
42 http fetch GET 200 https://registry.npmjs.org/react-dom 149ms (cache miss)
43 silly packumentCache full:https://registry.npmjs.org/react-dom set size:undefined disposed:false
44 silly fetch manifest axios@*
45 silly packumentCache full:https://registry.npmjs.org/axios cache-miss
46 http fetch GET 200 https://registry.npmjs.org/axios 534ms (cache miss)
47 silly packumentCache full:https://registry.npmjs.org/axios set size:undefined disposed:false
48 silly placeDep ROOT axios@1.15.0 OK for: stream-downloader@0.1.0 want: *
49 silly placeDep ROOT clsx@2.1.1 OK for: stream-downloader@0.1.0 want: *
50 silly placeDep ROOT framer-motion@12.38.0 OK for: stream-downloader@0.1.0 want: *
51 silly placeDep ROOT lucide-react@1.7.0 OK for: stream-downloader@0.1.0 want: *
52 silly placeDep ROOT tailwind-merge@3.5.0 OK for: stream-downloader@0.1.0 want: *
53 silly fetch manifest follow-redirects@^1.15.11
54 silly packumentCache full:https://registry.npmjs.org/follow-redirects cache-miss
55 silly fetch manifest form-data@^4.0.5
56 silly packumentCache full:https://registry.npmjs.org/form-data cache-miss
57 silly fetch manifest proxy-from-env@^2.1.0
58 silly packumentCache full:https://registry.npmjs.org/proxy-from-env cache-miss
59 silly fetch manifest motion-dom@^12.38.0
60 silly packumentCache full:https://registry.npmjs.org/motion-dom cache-miss
61 silly fetch manifest motion-utils@^12.36.0
62 silly packumentCache full:https://registry.npmjs.org/motion-utils cache-miss
63 http fetch GET 200 https://registry.npmjs.org/form-data 30ms (cache miss)
64 silly packumentCache full:https://registry.npmjs.org/form-data set size:undefined disposed:false
65 http fetch GET 200 https://registry.npmjs.org/follow-redirects 32ms (cache miss)
66 silly packumentCache full:https://registry.npmjs.org/follow-redirects set size:undefined disposed:false
67 http fetch GET 200 https://registry.npmjs.org/proxy-from-env 64ms (cache miss)
68 silly packumentCache full:https://registry.npmjs.org/proxy-from-env set size:undefined disposed:false
69 http fetch GET 200 https://registry.npmjs.org/motion-utils 74ms (cache miss)
70 silly packumentCache full:https://registry.npmjs.org/motion-utils set size:undefined disposed:false
71 http fetch GET 200 https://registry.npmjs.org/motion-dom 75ms (cache miss)
72 silly packumentCache full:https://registry.npmjs.org/motion-dom set size:undefined disposed:false
73 silly fetch manifest @tailwindcss/oxide-linux-arm64-gnu@4.2.2
74 silly packumentCache full:https://registry.npmjs.org/@tailwindcss%2foxide-linux-arm64-gnu cache-miss
75 http fetch GET 200 https://registry.npmjs.org/@tailwindcss%2foxide-linux-arm64-gnu 64ms (cache miss)
76 silly packumentCache full:https://registry.npmjs.org/@tailwindcss%2foxide-linux-arm64-gnu set size:undefined disposed:false
77 silly placeDep ROOT @tailwindcss/oxide-linux-arm64-gnu@4.2.2 OK for: @tailwindcss/oxide@4.2.2 want: 4.2.2
78 verbose stack TypeError: Invalid Version: 
78 verbose stack     at new SemVer (/usr/local/lib/node_modules/npm/node_modules/semver/classes/semver.js:40:13)
78 verbose stack     at compare (/usr/local/lib/node_modules/npm/node_modules/semver/functions/compare.js:5:32)
78 verbose stack     at Object.eq (/usr/local/lib/node_modules/npm/node_modules/semver/functions/eq.js:4:29)
78 verbose stack     at Node.canDedupe (/usr/local/lib/node_modules/npm/node_modules/@npmcli/arborist/lib/node.js:1140:32)
78 verbose stack     at PlaceDep.pruneDedupable (/usr/local/lib/node_modules/npm/node_modules/@npmcli/arborist/lib/place-dep.js:426:14)
78 verbose stack     at new PlaceDep (/usr/local/lib/node_modules/npm/node_modules/@npmcli/arborist/lib/place-dep.js:278:14)
78 verbose stack     at #buildDepStep (/usr/local/lib/node_modules/npm/node_modules/@npmcli/arborist/lib/arborist/build-ideal-tree.js:945:18)
78 verbose stack     at async Arborist.buildIdealTree (/usr/local/lib/node_modules/npm/node_modules/@npmcli/arborist/lib/arborist/build-ideal-tree.js:182:7)
78 verbose stack     at async Promise.all (index 1)
78 verbose stack     at async Arborist.reify (/usr/local/lib/node_modules/npm/node_modules/@npmcli/arborist/lib/arborist/reify.js:114:5)
79 error Invalid Version: 
80 silly unfinished npm timer reify 1775689080263
81 silly unfinished npm timer reify:loadTrees 1775689080263
82 silly unfinished npm timer idealTree:buildDeps 1775689080310
83 silly unfinished npm timer idealTree:node_modules/@tailwindcss/oxide 1775689081504
84 verbose cwd /Users/jinyoungchoi/Desktop/vibe/stream-downloader
85 verbose os Darwin 25.4.0
86 verbose node v24.12.0
87 verbose npm  v11.6.2
88 notice
88 notice New [33mminor[39m version of npm available! [33m11.6.2[39m -> [34m11.12.1[39m
88 notice Changelog: [34mhttps://github.com/npm/cli/releases/tag/v11.12.1[39m
88 notice To update run: [4mnpm install -g npm@11.12.1[24m
88 notice  { force: true, Symbol(proc-log.meta): true }
89 verbose exit 1
90 verbose code 1
91 error A complete log of this run can be found in: /Users/jinyoungchoi/Desktop/vibe/stream-downloader/.npm-cache/_logs/2026-04-08T22_58_00_164Z-debug-0.log
